#
# There is insufficient memory for the Java Runtime Environment to continue.
# Native memory allocation (malloc) failed to allocate 1587536 bytes for Chunk::new
# Possible reasons:
#   The system is out of physical RAM or swap space
#   The process is running with CompressedOops enabled, and the Java Heap may be blocking the growth of the native heap
# Possible solutions:
#   Reduce memory load on the system
#   Increase physical memory or swap space
#   Check if swap backing store is full
#   Decrease Java heap size (-Xmx/-Xms)
#   Decrease number of Java threads
#   Decrease Java thread stack sizes (-Xss)
#   Set larger code cache with -XX:ReservedCodeCacheSize=
#   JVM is running with Unscaled Compressed Oops mode in which the Java heap is
#     placed in the first 4GB address space. The Java Heap base address is the
#     maximum limit for the native heap growth. Please use -XX:HeapBaseMinAddress
#     to set the Java Heap base and to place the Java Heap above 4GB virtual address.
# This output file may be truncated or incomplete.
#
#  Out of Memory Error (arena.cpp:189), pid=30172, tid=21400
#
# JRE version: Java(TM) SE Runtime Environment (17.0.16+12) (build 17.0.16+12-LTS-247)
# Java VM: Java HotSpot(TM) 64-Bit Server VM (17.0.16+12-LTS-247, mixed mode, sharing, tiered, compressed oops, compressed class ptrs, g1 gc, windows-amd64)
# No core dump will be written. Minidumps are not enabled by default on client versions of Windows
#

---------------  S U M M A R Y ------------

Command Line: -XX:+ShowCodeDetailsInExceptionMessages -Dspring.jmx.enabled=true -Dmanagement.endpoints.jmx.exposure.include=* -Dspring.application.admin.enabled=true -Dspring.boot.project.name=companyms -Djava.rmi.server.hostname=localhost -Dcom.sun.management.jmxremote.port=45557 -Dcom.sun.management.jmxremote.authenticate=false -Dcom.sun.management.jmxremote.ssl=false com.JobApplication.companyms.CompanymsApplication

Host: 12th Gen Intel(R) Core(TM) i5-1240P, 16 cores, 7G,  Windows 11 , 64 bit Build 22621 (10.0.22621.5415)
Time: Tue Jan 13 17:01:44 2026 India Standard Time elapsed time: 8.348981 seconds (0d 0h 0m 8s)

---------------  T H R E A D  ---------------

Current thread (0x0000010cffe35d40):  JavaThread "C2 CompilerThread0" daemon [_thread_in_native, id=21400, stack(0x000000089fa00000,0x000000089fb00000)]


Current CompileTask:
C2:   8349 4663   !   4       org.springframework.core.annotation.AnnotationsScanner::processMethodHierarchy (276 bytes)

Stack: [0x000000089fa00000,0x000000089fb00000]
Native frames: (J=compiled Java code, j=interpreted, Vv=VM code, C=native code)
V  [jvm.dll+0x67a46a]
V  [jvm.dll+0x7da77d]
V  [jvm.dll+0x7dc0c3]
V  [jvm.dll+0x7dc733]
V  [jvm.dll+0x24523f]
V  [jvm.dll+0xab763]
V  [jvm.dll+0xabd2c]
V  [jvm.dll+0x361ebf]
V  [jvm.dll+0x32c5e1]
V  [jvm.dll+0x32ba7a]
V  [jvm.dll+0x2169ef]
V  [jvm.dll+0x215e1f]
V  [jvm.dll+0x1a2a00]
V  [jvm.dll+0x2262bb]
V  [jvm.dll+0x22445b]
V  [jvm.dll+0x790b9c]
V  [jvm.dll+0x78b18a]
V  [jvm.dll+0x679355]
C  [ucrtbase.dll+0x29333]
C  [KERNEL32.DLL+0x1259d]
C  [ntdll.dll+0x5af78]


---------------  P R O C E S S  ---------------

Threads class SMR info:
_java_thread_list=0x0000010cd6b0d2c0, length=27, elements={
0x0000010cf0427b00, 0x0000010cffe1b720, 0x0000010cffe1c390, 0x0000010cffe30c70,
0x0000010cffe31620, 0x0000010cffe31fd0, 0x0000010cffe32980, 0x0000010cffe35d40,
0x0000010cffe3a4e0, 0x0000010cffe3db10, 0x0000010cffe07320, 0x0000010cd415a6d0,
0x0000010cd4898f90, 0x0000010cd47ad960, 0x0000010cd4724ed0, 0x0000010cd5123e90,
0x0000010cd5141c80, 0x0000010cd5179450, 0x0000010cd523c560, 0x0000010cffe39fd0,
0x0000010cffe3af00, 0x0000010cffe37750, 0x0000010cffe390a0, 0x0000010cd7150600,
0x0000010cd7150ad0, 0x0000010cd7150fa0, 0x0000010cd714fc60
}

Java Threads: ( => current thread )
  0x0000010cf0427b00 JavaThread "main" [_thread_in_vm, id=9324, stack(0x000000089ed00000,0x000000089ee00000)]
  0x0000010cffe1b720 JavaThread "Reference Handler" daemon [_thread_blocked, id=25276, stack(0x000000089f400000,0x000000089f500000)]
  0x0000010cffe1c390 JavaThread "Finalizer" daemon [_thread_blocked, id=18576, stack(0x000000089f500000,0x000000089f600000)]
  0x0000010cffe30c70 JavaThread "Signal Dispatcher" daemon [_thread_blocked, id=15696, stack(0x000000089f600000,0x000000089f700000)]
  0x0000010cffe31620 JavaThread "Attach Listener" daemon [_thread_blocked, id=26256, stack(0x000000089f700000,0x000000089f800000)]
  0x0000010cffe31fd0 JavaThread "Service Thread" daemon [_thread_blocked, id=1376, stack(0x000000089f800000,0x000000089f900000)]
  0x0000010cffe32980 JavaThread "Monitor Deflation Thread" daemon [_thread_blocked, id=3004, stack(0x000000089f900000,0x000000089fa00000)]
=>0x0000010cffe35d40 JavaThread "C2 CompilerThread0" daemon [_thread_in_native, id=21400, stack(0x000000089fa00000,0x000000089fb00000)]
  0x0000010cffe3a4e0 JavaThread "C1 CompilerThread0" daemon [_thread_blocked, id=19744, stack(0x000000089fb00000,0x000000089fc00000)]
  0x0000010cffe3db10 JavaThread "Sweeper thread" daemon [_thread_blocked, id=28244, stack(0x000000089fc00000,0x000000089fd00000)]
  0x0000010cffe07320 JavaThread "Common-Cleaner" daemon [_thread_blocked, id=26324, stack(0x000000089fe00000,0x000000089ff00000)]
  0x0000010cd415a6d0 JavaThread "Notification Thread" daemon [_thread_blocked, id=11008, stack(0x00000008a0200000,0x00000008a0300000)]
  0x0000010cd4898f90 JavaThread "RMI TCP Accept-0" daemon [_thread_in_native, id=1468, stack(0x00000008a0100000,0x00000008a0200000)]
  0x0000010cd47ad960 JavaThread "RMI TCP Accept-45557" daemon [_thread_in_native, id=12656, stack(0x00000008a0300000,0x00000008a0400000)]
  0x0000010cd4724ed0 JavaThread "RMI TCP Accept-0" daemon [_thread_in_native, id=23988, stack(0x00000008a0400000,0x00000008a0500000)]
  0x0000010cd5123e90 JavaThread "RMI TCP Connection(1)-127.0.0.1" daemon [_thread_in_native, id=18384, stack(0x00000008a0f00000,0x00000008a1000000)]
  0x0000010cd5141c80 JavaThread "RMI Scheduler(0)" daemon [_thread_blocked, id=31156, stack(0x00000008a1000000,0x00000008a1100000)]
  0x0000010cd5179450 JavaThread "RMI TCP Connection(2)-127.0.0.1" daemon [_thread_in_native, id=31088, stack(0x00000008a1100000,0x00000008a1200000)]
  0x0000010cd523c560 JavaThread "JMX server connection timeout 30" daemon [_thread_blocked, id=13872, stack(0x00000008a1200000,0x00000008a1300000)]
  0x0000010cffe39fd0 JavaThread "C2 CompilerThread1" daemon [_thread_in_native, id=11252, stack(0x000000089fd00000,0x000000089fe00000)]
  0x0000010cffe3af00 JavaThread "C1 CompilerThread1" daemon [_thread_blocked, id=26728, stack(0x000000089ff00000,0x00000008a0000000)]
  0x0000010cffe37750 JavaThread "C1 CompilerThread2" daemon [_thread_blocked, id=15704, stack(0x00000008a0000000,0x00000008a0100000)]
  0x0000010cffe390a0 JavaThread "C1 CompilerThread3" daemon [_thread_blocked, id=14088, stack(0x00000008a1300000,0x00000008a1400000)]
  0x0000010cd7150600 JavaThread "Catalina-utility-1" [_thread_blocked, id=21324, stack(0x00000008a1700000,0x00000008a1800000)]
  0x0000010cd7150ad0 JavaThread "Catalina-utility-2" [_thread_blocked, id=33704, stack(0x00000008a1b00000,0x00000008a1c00000)]
  0x0000010cd7150fa0 JavaThread "container-0" [_thread_blocked, id=32204, stack(0x00000008a1c00000,0x00000008a1d00000)]
  0x0000010cd714fc60 JavaThread "mysql-cj-abandoned-connection-cleanup" daemon [_thread_blocked, id=2704, stack(0x00000008a1d00000,0x00000008a1e00000)]

Other Threads:
  0x0000010cffe157d0 VMThread "VM Thread" [stack: 0x000000089f300000,0x000000089f400000] [id=21308]
  0x0000010cf04bc530 WatcherThread [stack: 0x00000008a0500000,0x00000008a0600000] [id=30256]
  0x0000010cf048a8e0 GCTaskThread "GC Thread#0" [stack: 0x000000089ee00000,0x000000089ef00000] [id=24396]
  0x0000010cd4bcdd60 GCTaskThread "GC Thread#1" [stack: 0x00000008a0600000,0x00000008a0700000] [id=25540]
  0x0000010cd517fb30 GCTaskThread "GC Thread#2" [stack: 0x00000008a0700000,0x00000008a0800000] [id=33760]
  0x0000010cd5190aa0 GCTaskThread "GC Thread#3" [stack: 0x00000008a0800000,0x00000008a0900000] [id=26024]
  0x0000010cd5187710 GCTaskThread "GC Thread#4" [stack: 0x00000008a0900000,0x00000008a0a00000] [id=23820]
  0x0000010cd51879d0 GCTaskThread "GC Thread#5" [stack: 0x00000008a0a00000,0x00000008a0b00000] [id=19452]
  0x0000010cd516b4e0 GCTaskThread "GC Thread#6" [stack: 0x00000008a0b00000,0x00000008a0c00000] [id=12688]
  0x0000010cd5165d30 GCTaskThread "GC Thread#7" [stack: 0x00000008a0c00000,0x00000008a0d00000] [id=34732]
  0x0000010cd5164470 GCTaskThread "GC Thread#8" [stack: 0x00000008a0d00000,0x00000008a0e00000] [id=3536]
  0x0000010cd5165a70 GCTaskThread "GC Thread#9" [stack: 0x00000008a1400000,0x00000008a1500000] [id=22552]
  0x0000010cd5164f70 GCTaskThread "GC Thread#10" [stack: 0x00000008a1500000,0x00000008a1600000] [id=896]
  0x0000010cd51657b0 GCTaskThread "GC Thread#11" [stack: 0x00000008a1600000,0x00000008a1700000] [id=11756]
  0x0000010cd5165ff0 GCTaskThread "GC Thread#12" [stack: 0x00000008a1800000,0x00000008a1900000] [id=14536]
  0x0000010cf049adf0 ConcurrentGCThread "G1 Main Marker" [stack: 0x000000089ef00000,0x000000089f000000] [id=26264]
  0x0000010cf049bfa0 ConcurrentGCThread "G1 Conc#0" [stack: 0x000000089f000000,0x000000089f100000] [id=25320]
  0x0000010cd5164730 ConcurrentGCThread "G1 Conc#1" [stack: 0x00000008a1900000,0x00000008a1a00000] [id=18376]
  0x0000010cd5164cb0 ConcurrentGCThread "G1 Conc#2" [stack: 0x00000008a1a00000,0x00000008a1b00000] [id=21672]
  0x0000010cf04dec90 ConcurrentGCThread "G1 Refine#0" [stack: 0x000000089f100000,0x000000089f200000] [id=13600]
  0x0000010cd5187c90 ConcurrentGCThread "G1 Refine#1" [stack: 0x00000008a0e00000,0x00000008a0f00000] [id=22856]
  0x0000010cffcd1c90 ConcurrentGCThread "G1 Service" [stack: 0x000000089f200000,0x000000089f300000] [id=13412]

Threads with active compile tasks:
C2 CompilerThread0     8389 4663   !   4       org.springframework.core.annotation.AnnotationsScanner::processMethodHierarchy (276 bytes)
C2 CompilerThread1     8389 4561 % !   4       org.springframework.beans.factory.support.DefaultListableBeanFactory::doGetBeanNamesForType @ 20 (527 bytes)

VM state: not at safepoint (normal execution)

VM Mutex/Monitor currently owned by a thread: None

Heap address: 0x0000000085200000, size: 1966 MB, Compressed Oops mode: 32-bit

CDS archive(s) mapped at: [0x0000010c8f000000-0x0000010c8fbd0000-0x0000010c8fbd0000), size 12386304, SharedBaseAddress: 0x0000010c8f000000, ArchiveRelocationMode: 1.
Compressed class space mapped at: 0x0000010c90000000-0x0000010cd0000000, reserved size: 1073741824
Narrow klass base: 0x0000010c8f000000, Narrow klass shift: 0, Narrow klass range: 0x100000000

GC Precious Log:
 CPUs: 16 total, 16 available
 Memory: 7860M
 Large Page Support: Disabled
 NUMA Support: Disabled
 Compressed Oops: Enabled (32-bit)
 Heap Region Size: 1M
 Heap Min Capacity: 8M
 Heap Initial Capacity: 124M
 Heap Max Capacity: 1966M
 Pre-touch: Disabled
 Parallel Workers: 13
 Concurrent Workers: 3
 Concurrent Refinement Workers: 13
 Periodic GC: Disabled

Heap:
 garbage-first heap   total 81920K, used 26677K [0x0000000085200000, 0x0000000100000000)
  region size 1024K, 8 young (8192K), 3 survivors (3072K)
 Metaspace       used 36449K, committed 36928K, reserved 1114112K
  class space    used 4769K, committed 4992K, reserved 1048576K

Heap Regions: E=young(eden), S=young(survivor), O=old, HS=humongous(starts), HC=humongous(continues), CS=collection set, F=free, OA=open archive, CA=closed archive, TAMS=top-at-mark-start (previous, next)
|   0|0x0000000085200000, 0x0000000085300000, 0x0000000085300000|100%|HS|  |TAMS 0x0000000085300000, 0x0000000085200000| Complete 
|   1|0x0000000085300000, 0x0000000085400000, 0x0000000085400000|100%|HS|  |TAMS 0x0000000085400000, 0x0000000085300000| Complete 
|   2|0x0000000085400000, 0x0000000085500000, 0x0000000085500000|100%| O|  |TAMS 0x0000000085500000, 0x0000000085400000| Untracked 
|   3|0x0000000085500000, 0x0000000085600000, 0x0000000085600000|100%| O|  |TAMS 0x0000000085600000, 0x0000000085500000| Untracked 
|   4|0x0000000085600000, 0x0000000085700000, 0x0000000085700000|100%| O|  |TAMS 0x0000000085700000, 0x0000000085600000| Untracked 
|   5|0x0000000085700000, 0x0000000085800000, 0x0000000085800000|100%| O|  |TAMS 0x0000000085800000, 0x0000000085700000| Untracked 
|   6|0x0000000085800000, 0x0000000085900000, 0x0000000085900000|100%| O|  |TAMS 0x0000000085900000, 0x0000000085800000| Untracked 
|   7|0x0000000085900000, 0x0000000085a00000, 0x0000000085a00000|100%| O|  |TAMS 0x0000000085a00000, 0x0000000085900000| Untracked 
|   8|0x0000000085a00000, 0x0000000085b00000, 0x0000000085b00000|100%| O|  |TAMS 0x0000000085b00000, 0x0000000085a00000| Untracked 
|   9|0x0000000085b00000, 0x0000000085c00000, 0x0000000085c00000|100%| O|  |TAMS 0x0000000085c00000, 0x0000000085b00000| Untracked 
|  10|0x0000000085c00000, 0x0000000085d00000, 0x0000000085d00000|100%| O|  |TAMS 0x0000000085d00000, 0x0000000085c00000| Untracked 
|  11|0x0000000085d00000, 0x0000000085e00000, 0x0000000085e00000|100%| O|  |TAMS 0x0000000085e00000, 0x0000000085d00000| Untracked 
|  12|0x0000000085e00000, 0x0000000085f00000, 0x0000000085f00000|100%| O|  |TAMS 0x0000000085f00000, 0x0000000085e00000| Untracked 
|  13|0x0000000085f00000, 0x0000000086000000, 0x0000000086000000|100%| O|  |TAMS 0x0000000086000000, 0x0000000085f00000| Untracked 
|  14|0x0000000086000000, 0x0000000086100000, 0x0000000086100000|100%| O|  |TAMS 0x0000000086100000, 0x0000000086000000| Untracked 
|  15|0x0000000086100000, 0x0000000086200000, 0x0000000086200000|100%| O|  |TAMS 0x0000000086200000, 0x0000000086100000| Untracked 
|  16|0x0000000086200000, 0x0000000086300000, 0x0000000086300000|100%| O|  |TAMS 0x0000000086300000, 0x0000000086200000| Untracked 
|  17|0x0000000086300000, 0x0000000086400000, 0x0000000086400000|100%| O|  |TAMS 0x0000000086400000, 0x0000000086300000| Untracked 
|  18|0x0000000086400000, 0x0000000086500000, 0x0000000086500000|100%| O|  |TAMS 0x0000000086500000, 0x0000000086400000| Untracked 
|  19|0x0000000086500000, 0x0000000086520200, 0x0000000086600000| 12%| O|  |TAMS 0x0000000086520200, 0x0000000086500000| Untracked 
|  20|0x0000000086600000, 0x0000000086600000, 0x0000000086700000|  0%| F|  |TAMS 0x0000000086600000, 0x0000000086600000| Untracked 
|  21|0x0000000086700000, 0x0000000086700000, 0x0000000086800000|  0%| F|  |TAMS 0x0000000086700000, 0x0000000086700000| Untracked 
|  22|0x0000000086800000, 0x0000000086800000, 0x0000000086900000|  0%| F|  |TAMS 0x0000000086800000, 0x0000000086800000| Untracked 
|  23|0x0000000086900000, 0x0000000086900000, 0x0000000086a00000|  0%| F|  |TAMS 0x0000000086900000, 0x0000000086900000| Untracked 
|  24|0x0000000086a00000, 0x0000000086a00000, 0x0000000086b00000|  0%| F|  |TAMS 0x0000000086a00000, 0x0000000086a00000| Untracked 
|  25|0x0000000086b00000, 0x0000000086b00000, 0x0000000086c00000|  0%| F|  |TAMS 0x0000000086b00000, 0x0000000086b00000| Untracked 
|  26|0x0000000086c00000, 0x0000000086c00000, 0x0000000086d00000|  0%| F|  |TAMS 0x0000000086c00000, 0x0000000086c00000| Untracked 
|  27|0x0000000086d00000, 0x0000000086d00000, 0x0000000086e00000|  0%| F|  |TAMS 0x0000000086d00000, 0x0000000086d00000| Untracked 
|  28|0x0000000086e00000, 0x0000000086e00000, 0x0000000086f00000|  0%| F|  |TAMS 0x0000000086e00000, 0x0000000086e00000| Untracked 
|  29|0x0000000086f00000, 0x0000000086f00000, 0x0000000087000000|  0%| F|  |TAMS 0x0000000086f00000, 0x0000000086f00000| Untracked 
|  30|0x0000000087000000, 0x0000000087000000, 0x0000000087100000|  0%| F|  |TAMS 0x0000000087000000, 0x0000000087000000| Untracked 
|  31|0x0000000087100000, 0x0000000087100000, 0x0000000087200000|  0%| F|  |TAMS 0x0000000087100000, 0x0000000087100000| Untracked 
|  32|0x0000000087200000, 0x0000000087200000, 0x0000000087300000|  0%| F|  |TAMS 0x0000000087200000, 0x0000000087200000| Untracked 
|  33|0x0000000087300000, 0x0000000087300000, 0x0000000087400000|  0%| F|  |TAMS 0x0000000087300000, 0x0000000087300000| Untracked 
|  34|0x0000000087400000, 0x0000000087400000, 0x0000000087500000|  0%| F|  |TAMS 0x0000000087400000, 0x0000000087400000| Untracked 
|  35|0x0000000087500000, 0x0000000087500000, 0x0000000087600000|  0%| F|  |TAMS 0x0000000087500000, 0x0000000087500000| Untracked 
|  36|0x0000000087600000, 0x0000000087600000, 0x0000000087700000|  0%| F|  |TAMS 0x0000000087600000, 0x0000000087600000| Untracked 
|  37|0x0000000087700000, 0x0000000087700000, 0x0000000087800000|  0%| F|  |TAMS 0x0000000087700000, 0x0000000087700000| Untracked 
|  38|0x0000000087800000, 0x0000000087800000, 0x0000000087900000|  0%| F|  |TAMS 0x0000000087800000, 0x0000000087800000| Untracked 
|  39|0x0000000087900000, 0x0000000087900000, 0x0000000087a00000|  0%| F|  |TAMS 0x0000000087900000, 0x0000000087900000| Untracked 
|  40|0x0000000087a00000, 0x0000000087a00000, 0x0000000087b00000|  0%| F|  |TAMS 0x0000000087a00000, 0x0000000087a00000| Untracked 
|  41|0x0000000087b00000, 0x0000000087b00000, 0x0000000087c00000|  0%| F|  |TAMS 0x0000000087b00000, 0x0000000087b00000| Untracked 
|  42|0x0000000087c00000, 0x0000000087c00000, 0x0000000087d00000|  0%| F|  |TAMS 0x0000000087c00000, 0x0000000087c00000| Untracked 
|  43|0x0000000087d00000, 0x0000000087d00000, 0x0000000087e00000|  0%| F|  |TAMS 0x0000000087d00000, 0x0000000087d00000| Untracked 
|  44|0x0000000087e00000, 0x0000000087e00000, 0x0000000087f00000|  0%| F|  |TAMS 0x0000000087e00000, 0x0000000087e00000| Untracked 
|  45|0x0000000087f00000, 0x0000000087f00000, 0x0000000088000000|  0%| F|  |TAMS 0x0000000087f00000, 0x0000000087f00000| Untracked 
|  46|0x0000000088000000, 0x0000000088000000, 0x0000000088100000|  0%| F|  |TAMS 0x0000000088000000, 0x0000000088000000| Untracked 
|  47|0x0000000088100000, 0x0000000088100000, 0x0000000088200000|  0%| F|  |TAMS 0x0000000088100000, 0x0000000088100000| Untracked 
|  48|0x0000000088200000, 0x0000000088200000, 0x0000000088300000|  0%| F|  |TAMS 0x0000000088200000, 0x0000000088200000| Untracked 
|  49|0x0000000088300000, 0x0000000088300000, 0x0000000088400000|  0%| F|  |TAMS 0x0000000088300000, 0x0000000088300000| Untracked 
|  50|0x0000000088400000, 0x0000000088400000, 0x0000000088500000|  0%| F|  |TAMS 0x0000000088400000, 0x0000000088400000| Untracked 
|  51|0x0000000088500000, 0x0000000088500000, 0x0000000088600000|  0%| F|  |TAMS 0x0000000088500000, 0x0000000088500000| Untracked 
|  52|0x0000000088600000, 0x0000000088600000, 0x0000000088700000|  0%| F|  |TAMS 0x0000000088600000, 0x0000000088600000| Untracked 
|  53|0x0000000088700000, 0x0000000088700000, 0x0000000088800000|  0%| F|  |TAMS 0x0000000088700000, 0x0000000088700000| Untracked 
|  54|0x0000000088800000, 0x0000000088800000, 0x0000000088900000|  0%| F|  |TAMS 0x0000000088800000, 0x0000000088800000| Untracked 
|  55|0x0000000088900000, 0x0000000088900000, 0x0000000088a00000|  0%| F|  |TAMS 0x0000000088900000, 0x0000000088900000| Untracked 
|  56|0x0000000088a00000, 0x0000000088a00000, 0x0000000088b00000|  0%| F|  |TAMS 0x0000000088a00000, 0x0000000088a00000| Untracked 
|  57|0x0000000088b00000, 0x0000000088b00000, 0x0000000088c00000|  0%| F|  |TAMS 0x0000000088b00000, 0x0000000088b00000| Untracked 
|  58|0x0000000088c00000, 0x0000000088c00000, 0x0000000088d00000|  0%| F|  |TAMS 0x0000000088c00000, 0x0000000088c00000| Untracked 
|  59|0x0000000088d00000, 0x0000000088d00000, 0x0000000088e00000|  0%| F|  |TAMS 0x0000000088d00000, 0x0000000088d00000| Untracked 
|  60|0x0000000088e00000, 0x0000000088e00000, 0x0000000088f00000|  0%| F|  |TAMS 0x0000000088e00000, 0x0000000088e00000| Untracked 
|  61|0x0000000088f00000, 0x0000000088f00000, 0x0000000089000000|  0%| F|  |TAMS 0x0000000088f00000, 0x0000000088f00000| Untracked 
|  62|0x0000000089000000, 0x0000000089000000, 0x0000000089100000|  0%| F|  |TAMS 0x0000000089000000, 0x0000000089000000| Untracked 
|  63|0x0000000089100000, 0x0000000089100000, 0x0000000089200000|  0%| F|  |TAMS 0x0000000089100000, 0x0000000089100000| Untracked 
|  64|0x0000000089200000, 0x0000000089200000, 0x0000000089300000|  0%| F|  |TAMS 0x0000000089200000, 0x0000000089200000| Untracked 
|  65|0x0000000089300000, 0x0000000089300000, 0x0000000089400000|  0%| F|  |TAMS 0x0000000089300000, 0x0000000089300000| Untracked 
|  66|0x0000000089400000, 0x0000000089400000, 0x0000000089500000|  0%| F|  |TAMS 0x0000000089400000, 0x0000000089400000| Untracked 
|  67|0x0000000089500000, 0x0000000089500000, 0x0000000089600000|  0%| F|  |TAMS 0x0000000089500000, 0x0000000089500000| Untracked 
|  68|0x0000000089600000, 0x0000000089600000, 0x0000000089700000|  0%| F|  |TAMS 0x0000000089600000, 0x0000000089600000| Untracked 
|  69|0x0000000089700000, 0x0000000089700000, 0x0000000089800000|  0%| F|  |TAMS 0x0000000089700000, 0x0000000089700000| Untracked 
|  70|0x0000000089800000, 0x0000000089800000, 0x0000000089900000|  0%| F|  |TAMS 0x0000000089800000, 0x0000000089800000| Untracked 
|  71|0x0000000089900000, 0x0000000089900000, 0x0000000089a00000|  0%| F|  |TAMS 0x0000000089900000, 0x0000000089900000| Untracked 
|  72|0x0000000089a00000, 0x0000000089a80800, 0x0000000089b00000| 50%| E|  |TAMS 0x0000000089a00000, 0x0000000089a00000| Complete 
|  73|0x0000000089b00000, 0x0000000089c00000, 0x0000000089c00000|100%| E|CS|TAMS 0x0000000089b00000, 0x0000000089b00000| Complete 
|  74|0x0000000089c00000, 0x0000000089ced5b8, 0x0000000089d00000| 92%| S|CS|TAMS 0x0000000089c00000, 0x0000000089c00000| Complete 
|  75|0x0000000089d00000, 0x0000000089e00000, 0x0000000089e00000|100%| S|CS|TAMS 0x0000000089d00000, 0x0000000089d00000| Complete 
|  76|0x0000000089e00000, 0x0000000089f00000, 0x0000000089f00000|100%| S|CS|TAMS 0x0000000089e00000, 0x0000000089e00000| Complete 
|  77|0x0000000089f00000, 0x000000008a000000, 0x000000008a000000|100%| E|CS|TAMS 0x0000000089f00000, 0x0000000089f00000| Complete 
|  78|0x000000008a000000, 0x000000008a100000, 0x000000008a100000|100%| E|CS|TAMS 0x000000008a000000, 0x000000008a000000| Complete 
| 123|0x000000008cd00000, 0x000000008ce00000, 0x000000008ce00000|100%| E|CS|TAMS 0x000000008cd00000, 0x000000008cd00000| Complete 

Card table byte_map: [0x0000010cf8970000,0x0000010cf8d50000] _byte_map_base: 0x0000010cf8547000

Marking Bits (Prev, Next): (CMBitMap*) 0x0000010cf048af00, (CMBitMap*) 0x0000010cf048af40
 Prev Bits: [0x0000010cf9130000, 0x0000010cfafe8000)
 Next Bits: [0x0000010cfaff0000, 0x0000010cfcea8000)

Polling page: 0x0000010cee3e0000

Metaspace:

Usage:
  Non-class:     30.95 MB used.
      Class:      4.66 MB used.
       Both:     35.61 MB used.

Virtual space:
  Non-class space:       64.00 MB reserved,      31.19 MB ( 49%) committed,  1 nodes.
      Class space:        1.00 GB reserved,       4.88 MB ( <1%) committed,  1 nodes.
             Both:        1.06 GB reserved,      36.06 MB (  3%) committed. 

Chunk freelists:
   Non-Class:  720.00 KB
       Class:  11.08 MB
        Both:  11.78 MB

MaxMetaspaceSize: unlimited
CompressedClassSpaceSize: 1.00 GB
Initial GC threshold: 21.00 MB
Current GC threshold: 58.69 MB
CDS: on
MetaspaceReclaimPolicy: balanced
 - commit_granule_bytes: 65536.
 - commit_granule_words: 8192.
 - virtual_space_node_default_size: 8388608.
 - enlarge_chunks_in_place: 1.
 - new_chunks_are_fully_committed: 0.
 - uncommit_free_chunks: 1.
 - use_allocation_guard: 0.
 - handle_deallocations: 1.


Internal statistics:

num_allocs_failed_limit: 10.
num_arena_births: 698.
num_arena_deaths: 0.
num_vsnodes_births: 2.
num_vsnodes_deaths: 0.
num_space_committed: 577.
num_space_uncommitted: 0.
num_chunks_returned_to_freelist: 10.
num_chunks_taken_from_freelist: 2025.
num_chunk_merges: 10.
num_chunk_splits: 1355.
num_chunks_enlarged: 958.
num_inconsistent_stats: 0.

CodeHeap 'non-profiled nmethods': size=119168Kb used=2499Kb max_used=2499Kb free=116668Kb
 bounds [0x0000010c87ba0000, 0x0000010c87e20000, 0x0000010c8f000000]
CodeHeap 'profiled nmethods': size=119104Kb used=10517Kb max_used=10517Kb free=108586Kb
 bounds [0x0000010c80000000, 0x0000010c80a50000, 0x0000010c87450000]
CodeHeap 'non-nmethods': size=7488Kb used=2929Kb max_used=2971Kb free=4558Kb
 bounds [0x0000010c87450000, 0x0000010c87740000, 0x0000010c87ba0000]
 total_blobs=5265 nmethods=4715 adapters=459
 compilation: enabled
              stopped_count=0, restarted_count=0
 full_count=0

Compilation events (20 events):
Event: 8.107 Thread 0x0000010cffe3a4e0 4739       1       jdk.internal.reflect.NativeMethodAccessorImpl::setParent (6 bytes)
Event: 8.108 Thread 0x0000010cffe390a0 nmethod 4738 0x0000010c87e03390 code [0x0000010c87e03520, 0x0000010c87e035f8]
Event: 8.108 Thread 0x0000010cffe3a4e0 nmethod 4739 0x0000010c87e03690 code [0x0000010c87e03820, 0x0000010c87e03938]
Event: 8.108 Thread 0x0000010cffe37750 nmethod 4740 0x0000010c80a41190 code [0x0000010c80a41340, 0x0000010c80a41628]
Event: 8.134 Thread 0x0000010cffe37750 4741       3       jdk.internal.org.objectweb.asm.SymbolTable::addConstantUtf8 (98 bytes)
Event: 8.135 Thread 0x0000010cffe37750 nmethod 4741 0x0000010c80a41710 code [0x0000010c80a41940, 0x0000010c80a41f18]
Event: 8.138 Thread 0x0000010cffe35d40 nmethod 4655 0x0000010c87e03990 code [0x0000010c87e03f00, 0x0000010c87e08138]
Event: 8.139 Thread 0x0000010cffe35d40 4598       4       java.lang.PublicMethods$MethodList::filter (104 bytes)
Event: 8.151 Thread 0x0000010cffe35d40 nmethod 4598 0x0000010c87e0ab90 code [0x0000010c87e0ad40, 0x0000010c87e0b538]
Event: 8.151 Thread 0x0000010cffe35d40 4597   !   4       org.springframework.core.annotation.AnnotationsScanner::processClassHierarchy (234 bytes)
Event: 8.209 Thread 0x0000010cffe37750 4742       3       jdk.internal.loader.URLClassPath$1::hasMoreElements (5 bytes)
Event: 8.209 Thread 0x0000010cffe37750 nmethod 4742 0x0000010c80a42290 code [0x0000010c80a42420, 0x0000010c80a42568]
Event: 8.214 Thread 0x0000010cffe35d40 nmethod 4597 0x0000010c87e0ba10 code [0x0000010c87e0bdc0, 0x0000010c87e0e920]
Event: 8.214 Thread 0x0000010cffe35d40 4663   !   4       org.springframework.core.annotation.AnnotationsScanner::processMethodHierarchy (276 bytes)
Event: 8.262 Thread 0x0000010cffe390a0 4744       1       java.util.jar.JarFile$JarFileEntry::getName (5 bytes)
Event: 8.262 Thread 0x0000010cffe3af00 4743       3       java.util.zip.ZipFile$ZipEntryIterator::hasNext (17 bytes)
Event: 8.262 Thread 0x0000010cffe390a0 nmethod 4744 0x0000010c87e10810 code [0x0000010c87e109a0, 0x0000010c87e10a78]
Event: 8.262 Thread 0x0000010cffe3af00 nmethod 4743 0x0000010c80a42610 code [0x0000010c80a427a0, 0x0000010c80a42918]
Event: 8.262 Thread 0x0000010cffe390a0 4745       1       java.util.Collections$EmptyEnumeration::hasMoreElements (2 bytes)
Event: 8.262 Thread 0x0000010cffe390a0 nmethod 4745 0x0000010c87e10b10 code [0x0000010c87e10ca0, 0x0000010c87e10d78]

GC Heap History (18 events):
Event: 0.991 GC heap before
{Heap before GC invocations=0 (full 0):
 garbage-first heap   total 126976K, used 24576K [0x0000000085200000, 0x0000000100000000)
  region size 1024K, 23 young (23552K), 0 survivors (0K)
 Metaspace       used 8246K, committed 8448K, reserved 1114112K
  class space    used 950K, committed 1024K, reserved 1048576K
}
Event: 0.999 GC heap after
{Heap after GC invocations=1 (full 0):
 garbage-first heap   total 126976K, used 8868K [0x0000000085200000, 0x0000000100000000)
  region size 1024K, 3 young (3072K), 3 survivors (3072K)
 Metaspace       used 8246K, committed 8448K, reserved 1114112K
  class space    used 950K, committed 1024K, reserved 1048576K
}
Event: 1.469 GC heap before
{Heap before GC invocations=1 (full 0):
 garbage-first heap   total 126976K, used 32420K [0x0000000085200000, 0x0000000100000000)
  region size 1024K, 27 young (27648K), 3 survivors (3072K)
 Metaspace       used 14287K, committed 14592K, reserved 1114112K
  class space    used 1794K, committed 1920K, reserved 1048576K
}
Event: 1.474 GC heap after
{Heap after GC invocations=2 (full 0):
 garbage-first heap   total 126976K, used 11096K [0x0000000085200000, 0x0000000100000000)
  region size 1024K, 2 young (2048K), 2 survivors (2048K)
 Metaspace       used 14287K, committed 14592K, reserved 1114112K
  class space    used 1794K, committed 1920K, reserved 1048576K
}
Event: 2.296 GC heap before
{Heap before GC invocations=2 (full 0):
 garbage-first heap   total 126976K, used 40792K [0x0000000085200000, 0x0000000100000000)
  region size 1024K, 33 young (33792K), 2 survivors (2048K)
 Metaspace       used 21085K, committed 21504K, reserved 1114112K
  class space    used 2643K, committed 2816K, reserved 1048576K
}
Event: 2.361 GC heap after
{Heap after GC invocations=3 (full 0):
 garbage-first heap   total 126976K, used 13717K [0x0000000085200000, 0x0000000100000000)
  region size 1024K, 5 young (5120K), 5 survivors (5120K)
 Metaspace       used 21085K, committed 21504K, reserved 1114112K
  class space    used 2643K, committed 2816K, reserved 1048576K
}
Event: 6.524 GC heap before
{Heap before GC invocations=4 (full 0):
 garbage-first heap   total 55296K, used 40341K [0x0000000085200000, 0x0000000100000000)
  region size 1024K, 32 young (32768K), 5 survivors (5120K)
 Metaspace       used 23809K, committed 24192K, reserved 1114112K
  class space    used 2961K, committed 3136K, reserved 1048576K
}
Event: 6.529 GC heap after
{Heap after GC invocations=5 (full 0):
 garbage-first heap   total 55296K, used 15963K [0x0000000085200000, 0x0000000100000000)
  region size 1024K, 3 young (3072K), 3 survivors (3072K)
 Metaspace       used 23809K, committed 24192K, reserved 1114112K
  class space    used 2961K, committed 3136K, reserved 1048576K
}
Event: 6.540 GC heap before
{Heap before GC invocations=5 (full 0):
 garbage-first heap   total 55296K, used 15963K [0x0000000085200000, 0x0000000100000000)
  region size 1024K, 4 young (4096K), 3 survivors (3072K)
 Metaspace       used 23841K, committed 24256K, reserved 1114112K
  class space    used 2965K, committed 3136K, reserved 1048576K
}
Event: 6.543 GC heap after
{Heap after GC invocations=6 (full 0):
 garbage-first heap   total 55296K, used 16493K [0x0000000085200000, 0x0000000100000000)
  region size 1024K, 1 young (1024K), 1 survivors (1024K)
 Metaspace       used 23841K, committed 24256K, reserved 1114112K
  class space    used 2965K, committed 3136K, reserved 1048576K
}
Event: 6.958 GC heap before
{Heap before GC invocations=6 (full 0):
 garbage-first heap   total 55296K, used 36973K [0x0000000085200000, 0x0000000100000000)
  region size 1024K, 21 young (21504K), 1 survivors (1024K)
 Metaspace       used 26806K, committed 27264K, reserved 1114112K
  class space    used 3384K, committed 3584K, reserved 1048576K
}
Event: 6.962 GC heap after
{Heap after GC invocations=7 (full 0):
 garbage-first heap   total 55296K, used 17699K [0x0000000085200000, 0x0000000100000000)
  region size 1024K, 2 young (2048K), 2 survivors (2048K)
 Metaspace       used 26806K, committed 27264K, reserved 1114112K
  class space    used 3384K, committed 3584K, reserved 1048576K
}
Event: 7.418 GC heap before
{Heap before GC invocations=7 (full 0):
 garbage-first heap   total 55296K, used 39203K [0x0000000085200000, 0x0000000100000000)
  region size 1024K, 23 young (23552K), 2 survivors (2048K)
 Metaspace       used 29766K, committed 30272K, reserved 1114112K
  class space    used 3827K, committed 4096K, reserved 1048576K
}
Event: 7.424 GC heap after
{Heap after GC invocations=8 (full 0):
 garbage-first heap   total 55296K, used 19731K [0x0000000085200000, 0x0000000100000000)
  region size 1024K, 3 young (3072K), 3 survivors (3072K)
 Metaspace       used 29766K, committed 30272K, reserved 1114112K
  class space    used 3827K, committed 4096K, reserved 1048576K
}
Event: 7.876 GC heap before
{Heap before GC invocations=8 (full 0):
 garbage-first heap   total 55296K, used 39187K [0x0000000085200000, 0x0000000100000000)
  region size 1024K, 22 young (22528K), 3 survivors (3072K)
 Metaspace       used 33496K, committed 33984K, reserved 1114112K
  class space    used 4311K, committed 4544K, reserved 1048576K
}
Event: 7.882 GC heap after
{Heap after GC invocations=9 (full 0):
 garbage-first heap   total 92160K, used 21526K [0x0000000085200000, 0x0000000100000000)
  region size 1024K, 2 young (2048K), 2 survivors (2048K)
 Metaspace       used 33496K, committed 33984K, reserved 1114112K
  class space    used 4311K, committed 4544K, reserved 1048576K
}
Event: 8.255 GC heap before
{Heap before GC invocations=9 (full 0):
 garbage-first heap   total 92160K, used 33814K [0x0000000085200000, 0x0000000100000000)
  region size 1024K, 15 young (15360K), 2 survivors (2048K)
 Metaspace       used 35497K, committed 35968K, reserved 1114112K
  class space    used 4611K, committed 4864K, reserved 1048576K
}
Event: 8.259 GC heap after
{Heap after GC invocations=10 (full 0):
 garbage-first heap   total 92160K, used 22581K [0x0000000085200000, 0x0000000100000000)
  region size 1024K, 3 young (3072K), 3 survivors (3072K)
 Metaspace       used 35497K, committed 35968K, reserved 1114112K
  class space    used 4611K, committed 4864K, reserved 1048576K
}

Deoptimization events (20 events):
Event: 7.979 Thread 0x0000010cf0427b00 Uncommon trap: trap_request=0xffffff54 fr.pc=0x0000010c87d70800 relative=0x00000000000003a0
Event: 7.979 Thread 0x0000010cf0427b00 Uncommon trap: reason=speculate_null_assert action=make_not_entrant pc=0x0000010c87d70800 method=org.springframework.core.SimpleAliasRegistry.canonicalName(Ljava/lang/String;)Ljava/lang/String; @ 17 c2
Event: 7.979 Thread 0x0000010cf0427b00 DEOPT PACKING pc=0x0000010c87d70800 sp=0x000000089edfeda0
Event: 7.979 Thread 0x0000010cf0427b00 DEOPT UNPACKING pc=0x0000010c874a23a3 sp=0x000000089edfecf8 mode 2
Event: 8.024 Thread 0x0000010cd714fc60 Uncommon trap: trap_request=0xffffff45 fr.pc=0x0000010c87de211c relative=0x000000000000359c
Event: 8.024 Thread 0x0000010cd714fc60 Uncommon trap: reason=unstable_if action=reinterpret pc=0x0000010c87de211c method=java.net.URL.<init>(Ljava/net/URL;Ljava/lang/String;Ljava/net/URLStreamHandler;)V @ 57 c2
Event: 8.024 Thread 0x0000010cd714fc60 DEOPT PACKING pc=0x0000010c87de211c sp=0x00000008a1dfebb0
Event: 8.024 Thread 0x0000010cd714fc60 DEOPT UNPACKING pc=0x0000010c874a23a3 sp=0x00000008a1dfeb70 mode 2
Event: 8.024 Thread 0x0000010cd714fc60 Uncommon trap: trap_request=0xffffff45 fr.pc=0x0000010c87d07700 relative=0x0000000000002ba0
Event: 8.024 Thread 0x0000010cd714fc60 Uncommon trap: reason=unstable_if action=reinterpret pc=0x0000010c87d07700 method=java.net.URLStreamHandler.parseURL(Ljava/net/URL;Ljava/lang/String;II)V @ 57 c2
Event: 8.024 Thread 0x0000010cd714fc60 DEOPT PACKING pc=0x0000010c87d07700 sp=0x00000008a1dfea30
Event: 8.024 Thread 0x0000010cd714fc60 DEOPT UNPACKING pc=0x0000010c874a23a3 sp=0x00000008a1dfe9e0 mode 2
Event: 8.049 Thread 0x0000010cf0427b00 Uncommon trap: trap_request=0xffffff45 fr.pc=0x0000010c87cd027c relative=0x00000000000001bc
Event: 8.049 Thread 0x0000010cf0427b00 Uncommon trap: reason=unstable_if action=reinterpret pc=0x0000010c87cd027c method=org.springframework.boot.context.properties.source.ConfigurationPropertyName$Elements.charAt(II)C @ 15 c2
Event: 8.049 Thread 0x0000010cf0427b00 DEOPT PACKING pc=0x0000010c87cd027c sp=0x000000089edfbfe0
Event: 8.049 Thread 0x0000010cf0427b00 DEOPT UNPACKING pc=0x0000010c874a23a3 sp=0x000000089edfbf60 mode 2
Event: 8.133 Thread 0x0000010cf0427b00 Uncommon trap: trap_request=0xffffff45 fr.pc=0x0000010c87c183a8 relative=0x0000000000000ec8
Event: 8.134 Thread 0x0000010cf0427b00 Uncommon trap: reason=unstable_if action=reinterpret pc=0x0000010c87c183a8 method=jdk.internal.org.objectweb.asm.SymbolTable.put(Ljdk/internal/org/objectweb/asm/SymbolTable$Entry;)Ljdk/internal/org/objectweb/asm/SymbolTable$Entry; @ 13 c2
Event: 8.134 Thread 0x0000010cf0427b00 DEOPT PACKING pc=0x0000010c87c183a8 sp=0x000000089edfdc00
Event: 8.134 Thread 0x0000010cf0427b00 DEOPT UNPACKING pc=0x0000010c874a23a3 sp=0x000000089edfdb48 mode 2

Classes unloaded (0 events):
No events

Classes redefined (0 events):
No events

Internal exceptions (20 events):
Event: 7.501 Thread 0x0000010cf0427b00 Exception <a 'java/lang/IncompatibleClassChangeError'{0x000000008aa729b8}: Found class java.lang.Object, but interface was expected> (0x000000008aa729b8) 
thrown [s\open\src\hotspot\share\interpreter\linkResolver.cpp, line 826]
Event: 7.501 Thread 0x0000010cf0427b00 Exception <a 'java/lang/IncompatibleClassChangeError'{0x000000008aa7d950}: Found class java.lang.Object, but interface was expected> (0x000000008aa7d950) 
thrown [s\open\src\hotspot\share\interpreter\linkResolver.cpp, line 826]
Event: 7.506 Thread 0x0000010cf0427b00 Exception <a 'java/lang/NoSuchMethodError'{0x000000008aab8e38}: 'void java.lang.invoke.DirectMethodHandle$Holder.invokeVirtual(java.lang.Object, java.lang.Object, int)'> (0x000000008aab8e38) 
thrown [s\open\src\hotspot\share\interpreter\linkResolver.cpp, line 759]
Event: 7.506 Thread 0x0000010cf0427b00 Exception <a 'java/lang/NoSuchMethodError'{0x000000008aabf020}: 'void java.lang.invoke.DirectMethodHandle$Holder.invokeStatic(java.lang.Object, java.lang.Object, java.lang.Object, int, java.lang.Object)'> (0x000000008aabf020) 
thrown [s\open\src\hotspot\share\interpreter\linkResolver.cpp, line 759]
Event: 7.506 Thread 0x0000010cf0427b00 Exception <a 'java/lang/NoSuchMethodError'{0x000000008aac6480}: 'java.lang.Object java.lang.invoke.DirectMethodHandle$Holder.newInvokeSpecial(java.lang.Object, java.lang.Object, java.lang.Object, int)'> (0x000000008aac6480) 
thrown [s\open\src\hotspot\share\interpreter\linkResolver.cpp, line 759]
Event: 7.507 Thread 0x0000010cf0427b00 Exception <a 'java/lang/NoSuchMethodError'{0x000000008aaca768}: 'java.lang.Object java.lang.invoke.DirectMethodHandle$Holder.invokeSpecial(java.lang.Object, java.lang.Object, java.lang.Object, java.lang.Object, int)'> (0x000000008aaca768) 
thrown [s\open\src\hotspot\share\interpreter\linkResolver.cpp, line 759]
Event: 7.507 Thread 0x0000010cf0427b00 Exception <a 'java/lang/NoSuchMethodError'{0x000000008aace330}: 'java.lang.Object java.lang.invoke.Invokers$Holder.linkToTargetMethod(java.lang.Object, java.lang.Object, int, java.lang.Object)'> (0x000000008aace330) 
thrown [s\open\src\hotspot\share\interpreter\linkResolver.cpp, line 759]
Event: 7.517 Thread 0x0000010cf0427b00 Exception <a 'java/lang/NoSuchMethodError'{0x000000008a9357b8}: 'void java.lang.invoke.DirectMethodHandle$Holder.invokeStatic(java.lang.Object, int, java.lang.Object)'> (0x000000008a9357b8) 
thrown [s\open\src\hotspot\share\interpreter\linkResolver.cpp, line 759]
Event: 7.714 Thread 0x0000010cf0427b00 Exception <a 'java/io/FileNotFoundException'{0x0000000087a46188}> (0x0000000087a46188) 
thrown [s\open\src\hotspot\share\prims\jni.cpp, line 516]
Event: 7.775 Thread 0x0000010cf0427b00 Implicit null exception at 0x0000010c87c81310 to 0x0000010c87c84198
Event: 7.782 Thread 0x0000010cf0427b00 Exception <a 'java/lang/NoSuchMethodError'{0x00000000878b0530}: 'int java.lang.invoke.DirectMethodHandle$Holder.invokeInterface(java.lang.Object, java.lang.Object, java.lang.Object, java.lang.Object)'> (0x00000000878b0530) 
thrown [s\open\src\hotspot\share\interpreter\linkResolver.cpp, line 759]
Event: 7.846 Thread 0x0000010cf0427b00 Exception <a 'java/lang/NoSuchMethodError'{0x0000000087694148}: 'java.lang.Object java.lang.invoke.DirectMethodHandle$Holder.invokeStaticInit(java.lang.Object, java.lang.Object, java.lang.Object, java.lang.Object)'> (0x0000000087694148) 
thrown [s\open\src\hotspot\share\interpreter\linkResolver.cpp, line 759]
Event: 7.847 Thread 0x0000010cf0427b00 Exception <a 'java/lang/IncompatibleClassChangeError'{0x00000000876a5568}: Found class java.lang.Object, but interface was expected> (0x00000000876a5568) 
thrown [s\open\src\hotspot\share\interpreter\linkResolver.cpp, line 826]
Event: 7.847 Thread 0x0000010cf0427b00 Exception <a 'java/lang/IncompatibleClassChangeError'{0x00000000876b2958}: Found class java.lang.Object, but interface was expected> (0x00000000876b2958) 
thrown [s\open\src\hotspot\share\interpreter\linkResolver.cpp, line 826]
Event: 7.851 Thread 0x0000010cf0427b00 Exception <a 'java/lang/IncompatibleClassChangeError'{0x00000000876e0da0}: Found class java.lang.Object, but interface was expected> (0x00000000876e0da0) 
thrown [s\open\src\hotspot\share\interpreter\linkResolver.cpp, line 826]
Event: 7.953 Thread 0x0000010cf0427b00 Exception <a 'java/lang/NoSuchMethodError'{0x000000008ab62b00}: 'long java.lang.invoke.DirectMethodHandle$Holder.invokeVirtual(java.lang.Object, java.lang.Object)'> (0x000000008ab62b00) 
thrown [s\open\src\hotspot\share\interpreter\linkResolver.cpp, line 759]
Event: 7.992 Thread 0x0000010cf0427b00 Exception <a 'java/lang/NoSuchMethodError'{0x000000008aafdd30}: 'void java.lang.invoke.DirectMethodHandle$Holder.invokeVirtual(java.lang.Object, java.lang.Object, long)'> (0x000000008aafdd30) 
thrown [s\open\src\hotspot\share\interpreter\linkResolver.cpp, line 759]
Event: 8.049 Thread 0x0000010cf0427b00 Implicit null exception at 0x0000010c87cd0107 to 0x0000010c87cd0264
Event: 8.103 Thread 0x0000010cf0427b00 Exception <a 'sun/nio/fs/WindowsException'{0x000000008a206b78}> (0x000000008a206b78) 
thrown [s\open\src\hotspot\share\prims\jni.cpp, line 516]
Event: 8.186 Thread 0x0000010cf0427b00 Exception <a 'java/lang/NoSuchMethodError'{0x000000008a1b0b50}: 'java.lang.Object java.lang.invoke.Invokers$Holder.invoke_MT(java.lang.Object, java.lang.Object, java.lang.Object)'> (0x000000008a1b0b50) 
thrown [s\open\src\hotspot\share\interpreter\linkResolver.cpp, line 759]

VM Operations (20 events):
Event: 7.708 Executing VM operation: HandshakeAllThreads
Event: 7.708 Executing VM operation: HandshakeAllThreads done
Event: 7.875 Executing VM operation: G1CollectForAllocation
Event: 7.882 Executing VM operation: G1CollectForAllocation done
Event: 7.921 Executing VM operation: HandshakeAllThreads
Event: 7.921 Executing VM operation: HandshakeAllThreads done
Event: 7.960 Executing VM operation: HandshakeAllThreads
Event: 7.960 Executing VM operation: HandshakeAllThreads done
Event: 7.972 Executing VM operation: HandshakeAllThreads
Event: 7.972 Executing VM operation: HandshakeAllThreads done
Event: 8.023 Executing VM operation: HandshakeAllThreads
Event: 8.023 Executing VM operation: HandshakeAllThreads done
Event: 8.050 Executing VM operation: HandshakeAllThreads
Event: 8.050 Executing VM operation: HandshakeAllThreads done
Event: 8.255 Executing VM operation: CollectForMetadataAllocation
Event: 8.259 Executing VM operation: CollectForMetadataAllocation done
Event: 8.269 Executing VM operation: G1Concurrent
Event: 8.276 Executing VM operation: G1Concurrent done
Event: 8.280 Executing VM operation: G1Concurrent
Event: 8.280 Executing VM operation: G1Concurrent done

Events (20 events):
Event: 7.952 loading class java/nio/channels/CompletionHandler
Event: 7.953 loading class java/nio/channels/CompletionHandler done
Event: 7.958 loading class jdk/internal/vm/annotation/IntrinsicCandidate
Event: 7.959 loading class jdk/internal/vm/annotation/IntrinsicCandidate done
Event: 7.968 Thread 0x0000010cd7150600 Thread added: 0x0000010cd7150600
Event: 7.969 Thread 0x0000010cd7150ad0 Thread added: 0x0000010cd7150ad0
Event: 7.971 loading class java/util/concurrent/locks/AbstractQueuedSynchronizer$ExclusiveNode
Event: 7.972 loading class java/util/concurrent/locks/AbstractQueuedSynchronizer$ExclusiveNode done
Event: 7.978 Thread 0x0000010cd7150fa0 Thread added: 0x0000010cd7150fa0
Event: 7.993 loading class java/util/concurrent/CompletableFuture
Event: 7.994 loading class java/util/concurrent/CompletionStage
Event: 7.994 loading class java/util/concurrent/CompletionStage done
Event: 7.994 loading class java/util/concurrent/CompletableFuture done
Event: 8.022 loading class java/util/concurrent/Executors$FinalizableDelegatedExecutorService
Event: 8.022 loading class java/util/concurrent/Executors$DelegatedExecutorService
Event: 8.022 loading class java/util/concurrent/Executors$DelegatedExecutorService done
Event: 8.022 loading class java/util/concurrent/Executors$FinalizableDelegatedExecutorService done
Event: 8.023 Thread 0x0000010cd714fc60 Thread added: 0x0000010cd714fc60
Event: 8.127 loading class java/lang/instrument/ClassFileTransformer
Event: 8.128 loading class java/lang/instrument/ClassFileTransformer done


Dynamic libraries:
0x00007ff623a40000 - 0x00007ff623a50000 	C:\Program Files\Java\jdk-17\bin\java.exe
0x00007ffe94810000 - 0x00007ffe94a28000 	C:\WINDOWS\SYSTEM32\ntdll.dll
0x00007ffe93d40000 - 0x00007ffe93e04000 	C:\WINDOWS\System32\KERNEL32.DLL
0x00007ffe91ac0000 - 0x00007ffe91e93000 	C:\WINDOWS\System32\KERNELBASE.dll
0x00007ffe91920000 - 0x00007ffe91a31000 	C:\WINDOWS\System32\ucrtbase.dll
0x00007ffe678a0000 - 0x00007ffe678bb000 	C:\Program Files\Java\jdk-17\bin\VCRUNTIME140.dll
0x00007ffe5cd90000 - 0x00007ffe5cda9000 	C:\Program Files\Java\jdk-17\bin\jli.dll
0x00007ffe941e0000 - 0x00007ffe94291000 	C:\WINDOWS\System32\ADVAPI32.dll
0x00007ffe93fe0000 - 0x00007ffe94087000 	C:\WINDOWS\System32\msvcrt.dll
0x00007ffe93080000 - 0x00007ffe93128000 	C:\WINDOWS\System32\sechost.dll
0x00007ffe92250000 - 0x00007ffe92278000 	C:\WINDOWS\System32\bcrypt.dll
0x00007ffe93c00000 - 0x00007ffe93d18000 	C:\WINDOWS\System32\RPCRT4.dll
0x00007ffe92e70000 - 0x00007ffe93022000 	C:\WINDOWS\System32\USER32.dll
0x00007ffe921a0000 - 0x00007ffe921c6000 	C:\WINDOWS\System32\win32u.dll
0x00007ffe93130000 - 0x00007ffe93159000 	C:\WINDOWS\System32\GDI32.dll
0x00007ffe91ea0000 - 0x00007ffe91fbb000 	C:\WINDOWS\System32\gdi32full.dll
0x00007ffe91fc0000 - 0x00007ffe9205a000 	C:\WINDOWS\System32\msvcp_win.dll
0x00007ffe706f0000 - 0x00007ffe7098c000 	C:\WINDOWS\WinSxS\amd64_microsoft.windows.common-controls_6595b64144ccf1df_6.0.22621.6060_none_2712eda17382d24b\COMCTL32.dll
0x00007ffe85420000 - 0x00007ffe8542a000 	C:\WINDOWS\SYSTEM32\VERSION.dll
0x00007ffe93a10000 - 0x00007ffe93a41000 	C:\WINDOWS\System32\IMM32.DLL
0x00007ffe87e20000 - 0x00007ffe87e2c000 	C:\Program Files\Java\jdk-17\bin\vcruntime140_1.dll
0x00007ffe10f50000 - 0x00007ffe10fde000 	C:\Program Files\Java\jdk-17\bin\msvcp140.dll
0x00007ffdc0890000 - 0x00007ffdc1471000 	C:\Program Files\Java\jdk-17\bin\server\jvm.dll
0x00007ffe92d50000 - 0x00007ffe92d58000 	C:\WINDOWS\System32\PSAPI.DLL
0x00007ffe8ac50000 - 0x00007ffe8ac59000 	C:\WINDOWS\SYSTEM32\WSOCK32.dll
0x00007ffe8a350000 - 0x00007ffe8a384000 	C:\WINDOWS\SYSTEM32\WINMM.dll
0x00007ffe94650000 - 0x00007ffe946c1000 	C:\WINDOWS\System32\WS2_32.dll
0x00007ffe90900000 - 0x00007ffe90918000 	C:\WINDOWS\SYSTEM32\kernel.appcore.dll
0x00007ffe63b00000 - 0x00007ffe63b0a000 	C:\Program Files\Java\jdk-17\bin\jimage.dll
0x00007ffe8f2d0000 - 0x00007ffe8f503000 	C:\WINDOWS\SYSTEM32\DBGHELP.DLL
0x00007ffe929a0000 - 0x00007ffe92d31000 	C:\WINDOWS\System32\combase.dll
0x00007ffe946f0000 - 0x00007ffe947c8000 	C:\WINDOWS\System32\OLEAUT32.dll
0x00007ffe6f5d0000 - 0x00007ffe6f602000 	C:\WINDOWS\SYSTEM32\dbgcore.DLL
0x00007ffe921d0000 - 0x00007ffe9224b000 	C:\WINDOWS\System32\bcryptPrimitives.dll
0x00007ffe55300000 - 0x00007ffe55325000 	C:\Program Files\Java\jdk-17\bin\java.dll
0x00007ffe06b20000 - 0x00007ffe06bf7000 	C:\Program Files\Java\jdk-17\bin\jsvml.dll
0x00007ffe93160000 - 0x00007ffe939fc000 	C:\WINDOWS\System32\SHELL32.dll
0x00007ffe92060000 - 0x00007ffe9219f000 	C:\WINDOWS\System32\wintypes.dll
0x00007ffe8f7d0000 - 0x00007ffe900ea000 	C:\WINDOWS\SYSTEM32\windows.storage.dll
0x00007ffe92d60000 - 0x00007ffe92e64000 	C:\WINDOWS\System32\SHCORE.dll
0x00007ffe940f0000 - 0x00007ffe94159000 	C:\WINDOWS\System32\shlwapi.dll
0x00007ffe91850000 - 0x00007ffe91875000 	C:\WINDOWS\SYSTEM32\profapi.dll
0x00007ffe5cd70000 - 0x00007ffe5cd89000 	C:\Program Files\Java\jdk-17\bin\net.dll
0x00007ffe8b820000 - 0x00007ffe8b94c000 	C:\WINDOWS\SYSTEM32\WINHTTP.dll
0x00007ffe90de0000 - 0x00007ffe90e49000 	C:\WINDOWS\system32\mswsock.dll
0x00007ffe5bf00000 - 0x00007ffe5bf16000 	C:\Program Files\Java\jdk-17\bin\nio.dll
0x00007ffe492a0000 - 0x00007ffe492b8000 	C:\Program Files\Java\jdk-17\bin\zip.dll
0x00007ffe5cd30000 - 0x00007ffe5cd3a000 	C:\Program Files\Java\jdk-17\bin\management.dll
0x00007ffe5cc90000 - 0x00007ffe5cc9b000 	C:\Program Files\Java\jdk-17\bin\management_ext.dll
0x00007ffe67310000 - 0x00007ffe67327000 	C:\WINDOWS\system32\napinsp.dll
0x00007ffe672f0000 - 0x00007ffe6730b000 	C:\WINDOWS\system32\pnrpnsp.dll
0x00007ffe90370000 - 0x00007ffe90468000 	C:\WINDOWS\SYSTEM32\DNSAPI.dll
0x00007ffe90340000 - 0x00007ffe9036d000 	C:\WINDOWS\SYSTEM32\IPHLPAPI.DLL
0x00007ffe93a00000 - 0x00007ffe93a09000 	C:\WINDOWS\System32\NSI.dll
0x00007ffe672d0000 - 0x00007ffe672e1000 	C:\WINDOWS\System32\winrnr.dll
0x00007ffe785c0000 - 0x00007ffe785d5000 	C:\WINDOWS\system32\wshbth.dll
0x00007ffe672a0000 - 0x00007ffe672c1000 	C:\WINDOWS\system32\nlansp_c.dll
0x00007ffe87ce0000 - 0x00007ffe87cea000 	C:\Windows\System32\rasadhlp.dll
0x00007ffe89410000 - 0x00007ffe89494000 	C:\WINDOWS\System32\fwpuclnt.dll
0x00007ffe91030000 - 0x00007ffe9104b000 	C:\WINDOWS\SYSTEM32\CRYPTSP.dll
0x00007ffe90860000 - 0x00007ffe90897000 	C:\WINDOWS\system32\rsaenh.dll
0x00007ffe90ed0000 - 0x00007ffe90ef8000 	C:\WINDOWS\SYSTEM32\USERENV.dll
0x00007ffe91050000 - 0x00007ffe9105c000 	C:\WINDOWS\SYSTEM32\CRYPTBASE.dll
0x00007ffe8a630000 - 0x00007ffe8a649000 	C:\WINDOWS\SYSTEM32\dhcpcsvc6.DLL
0x00007ffe8a610000 - 0x00007ffe8a62f000 	C:\WINDOWS\SYSTEM32\dhcpcsvc.DLL
0x00007ffe5ba50000 - 0x00007ffe5ba5e000 	C:\Program Files\Java\jdk-17\bin\sunmscapi.dll
0x00007ffe92280000 - 0x00007ffe923e8000 	C:\WINDOWS\System32\CRYPT32.dll
0x00007ffe911f0000 - 0x00007ffe9121e000 	C:\WINDOWS\SYSTEM32\ncrypt.dll
0x00007ffe911b0000 - 0x00007ffe911e7000 	C:\WINDOWS\SYSTEM32\NTASN1.dll

dbghelp: loaded successfully - version: 4.0.5 - missing functions: none
symbol engine: initialized successfully - sym options: 0x614 - pdb path: .;C:\Program Files\Java\jdk-17\bin;C:\WINDOWS\SYSTEM32;C:\WINDOWS\WinSxS\amd64_microsoft.windows.common-controls_6595b64144ccf1df_6.0.22621.6060_none_2712eda17382d24b;C:\Program Files\Java\jdk-17\bin\server

VM Arguments:
jvm_args: -XX:+ShowCodeDetailsInExceptionMessages -Dspring.jmx.enabled=true -Dmanagement.endpoints.jmx.exposure.include=* -Dspring.application.admin.enabled=true -Dspring.boot.project.name=companyms -Djava.rmi.server.hostname=localhost -Dcom.sun.management.jmxremote.port=45557 -Dcom.sun.management.jmxremote.authenticate=false -Dcom.sun.management.jmxremote.ssl=false 
java_command: com.JobApplication.companyms.CompanymsApplication
java_class_path (initial): F:\SpringBoot\companyms\target\classes;C:\Users\hp\.m2\repository\org\springframework\boot\spring-boot-starter-actuator\4.0.1\spring-boot-starter-actuator-4.0.1.jar;C:\Users\hp\.m2\repository\org\springframework\boot\spring-boot-starter\4.0.1\spring-boot-starter-4.0.1.jar;C:\Users\hp\.m2\repository\org\springframework\boot\spring-boot-starter-logging\4.0.1\spring-boot-starter-logging-4.0.1.jar;C:\Users\hp\.m2\repository\ch\qos\logback\logback-classic\1.5.22\logback-classic-1.5.22.jar;C:\Users\hp\.m2\repository\ch\qos\logback\logback-core\1.5.22\logback-core-1.5.22.jar;C:\Users\hp\.m2\repository\org\apache\logging\log4j\log4j-to-slf4j\2.25.3\log4j-to-slf4j-2.25.3.jar;C:\Users\hp\.m2\repository\org\apache\logging\log4j\log4j-api\2.25.3\log4j-api-2.25.3.jar;C:\Users\hp\.m2\repository\org\slf4j\jul-to-slf4j\2.0.17\jul-to-slf4j-2.0.17.jar;C:\Users\hp\.m2\repository\org\springframework\boot\spring-boot-autoconfigure\4.0.1\spring-boot-autoconfigure-4.0.1.jar;C:\Users\hp\.m2\repository\jakarta\annotation\jakarta.annotation-api\3.0.0\jakarta.annotation-api-3.0.0.jar;C:\Users\hp\.m2\repository\org\yaml\snakeyaml\2.5\snakeyaml-2.5.jar;C:\Users\hp\.m2\repository\org\springframework\boot\spring-boot-starter-micrometer-metrics\4.0.1\spring-boot-starter-micrometer-metrics-4.0.1.jar;C:\Users\hp\.m2\repository\org\springframework\boot\spring-boot-micrometer-metrics\4.0.1\spring-boot-micrometer-metrics-4.0.1.jar;C:\Users\hp\.m2\repository\org\springframework\boot\spring-boot-micrometer-observation\4.0.1\spring-boot-micrometer-observation-4.0.1.jar;C:\Users\hp\.m2\repository\org\springframework\boot\spring-boot-actuator-autoconfigure\4.0.1\spring-boot-actuator-autoconfigure-4.0.1.jar;C:\Users\hp\.m2\repository\org\springframework\boot\spring-boot-actuator\4.0.1\spring-boot-actuator-4.0.1.jar;C:\Users\hp\.m2\repository\org\springframework\boot\spring-boot-health\4.0.1\spring-boot-health-4.0.1.jar;C:\Users\hp\.m2\repository\org\springframework\boot\spring-bo
Launcher Type: SUN_STANDARD

[Global flags]
     intx CICompilerCount                          = 12                                        {product} {ergonomic}
     uint ConcGCThreads                            = 3                                         {product} {ergonomic}
     uint G1ConcRefinementThreads                  = 13                                        {product} {ergonomic}
   size_t G1HeapRegionSize                         = 1048576                                   {product} {ergonomic}
    uintx GCDrainStackTargetSize                   = 64                                        {product} {ergonomic}
   size_t InitialHeapSize                          = 130023424                                 {product} {ergonomic}
     bool ManagementServer                         = true                                      {product} {command line}
   size_t MarkStackSize                            = 4194304                                   {product} {ergonomic}
   size_t MaxHeapSize                              = 2061500416                                {product} {ergonomic}
   size_t MaxNewSize                               = 1236271104                                {product} {ergonomic}
   size_t MinHeapDeltaBytes                        = 1048576                                   {product} {ergonomic}
   size_t MinHeapSize                              = 8388608                                   {product} {ergonomic}
    uintx NonNMethodCodeHeapSize                   = 7602480                                {pd product} {ergonomic}
    uintx NonProfiledCodeHeapSize                  = 122027880                              {pd product} {ergonomic}
    uintx ProfiledCodeHeapSize                     = 122027880                              {pd product} {ergonomic}
    uintx ReservedCodeCacheSize                    = 251658240                              {pd product} {ergonomic}
     bool SegmentedCodeCache                       = true                                      {product} {ergonomic}
     bool ShowCodeDetailsInExceptionMessages       = true                                   {manageable} {command line}
   size_t SoftMaxHeapSize                          = 2061500416                             {manageable} {ergonomic}
     bool UseCompressedClassPointers               = true                           {product lp64_product} {ergonomic}
     bool UseCompressedOops                        = true                           {product lp64_product} {ergonomic}
     bool UseG1GC                                  = true                                      {product} {ergonomic}
     bool UseLargePagesIndividualAllocation        = false                                  {pd product} {ergonomic}

Logging:
Log output configuration:
 #0: stdout all=warning uptime,level,tags
 #1: stderr all=off uptime,level,tags

Environment Variables:
CLASSPATH=C:\Tomcat 9.0_Tomcat_9.0\lib\servlet-api.jar;C:\Tomcat 9.0_Tomcat_9.0\lib\mysql-connector-j-8.4.0.jar;C:\Tomcat 9.0_Tomcat_9.0\lib\commons-fileupload-1.4.jar;C:\Tomcat 9.0_Tomcat_9.0\lib\commons-io-2.11.0.jar;C:\Tomcat 9.0_Tomcat_9.0\lib\commons-fileupload-1.5.jar;C:\Tomcat 9.0_Tomcat_9.0\lib\gson-2.9.1.jar;C:\Tomcat 9.0_Tomcat_9.0\lib\jasypt-1.9.3.jar;C:\Tomcat 9.0_Tomcat_9.0\lib\activation.jar;C:\Tomcat 9.0_Tomcat_9.0\lib\javax.mail.jar;C:\Tomcat 9.0_Tomcat_9.0\lib\javax.json-api-1.1.2.jar;C:\Tomcat 9.0_Tomcat_9.0\lib\standard.jar;C:\Tomcat 9.0_Tomcat_9.0\lib\jstl.jar;C:\Tomcat 9.0_Tomcat_9.0\lib\javax.servlet.jsp-api-2.3.1.jar;
PATH=C:\Program Files\PowerShell\7;C:\Program Files\Common Files\Oracle\Java\javapath;C:\WINDOWS\system32;C:\WINDOWS;C:\WINDOWS\System32\Wbem;C:\WINDOWS\System32\WindowsPowerShell\v1.0\;C:\WINDOWS\System32\OpenSSH\;C:\MinGW\bin;C:\Program Files\Git\cmd;C:\Program Files\Git\mingw64\bin;C:\Program Files\Git\usr\bin;C:\Program Files\Java\jdk-17\bin;C:\Program Files\PowerShell\7\;C:\Program Files\Java\jdk-11\bin;;C:\Program Files\Docker\Docker\resources\bin;C:\Program Files\nodejs\;C:\Users\hp\AppData\Local\Programs\Python\Python313\Scripts\;C:\Users\hp\AppData\Local\Programs\Python\Python313\;C:\Users\hp\AppData\Local\Programs\Python\Launcher\;C:\Users\hp\AppData\Local\Microsoft\WindowsApps;C:\Users\hp\AppData\Local\Programs\Microsoft VS Code\bin;%IntelliJ IDEA Community Edition%;C:\Users\hp\AppData\Local\GitHubDesktop\bin;C:\Program Files\Java\jdk-11\bin;C:\Users\hp\Downloads\apache-maven-3.9.11-bin\apache-maven-3.9.11\bin;C:\Program Files\sf\bin;C:\Users\hp\AppData\Roaming\npm;c:\Users\hp\.vscode\extensions\vscjava.vscode-java-debug-0.58.5\bundled\scripts\noConfigScripts
USERNAME=hp
LANG=en_US.UTF-8
OS=Windows_NT
PROCESSOR_IDENTIFIER=Intel64 Family 6 Model 154 Stepping 3, GenuineIntel



---------------  S Y S T E M  ---------------

OS:
 Windows 11 , 64 bit Build 22621 (10.0.22621.5415)
OS uptime: 1 days 23:12 hours
Hyper-V role detected

CPU: total 16 (initial active 16) (8 cores per cpu, 2 threads per core) family 6 model 154 stepping 3 microcode 0x42c, cx8, cmov, fxsr, ht, mmx, 3dnowpref, sse, sse2, sse3, ssse3, sse4.1, sse4.2, popcnt, lzcnt, tsc, tscinvbit, avx, avx2, aes, erms, clmul, bmi1, bmi2, adx, sha, fma, vzeroupper, clflush, clflushopt, clwb, hv

Memory: 4k page, system-wide physical 7860M (429M free)
TotalPageFile size 26755M (AvailPageFile size 39M)
current process WorkingSet (physical memory assigned to process): 198M, peak: 209M
current process commit charge ("private bytes"): 275M, peak: 288M

vm_info: Java HotSpot(TM) 64-Bit Server VM (17.0.16+12-LTS-247) for windows-amd64 JRE (17.0.16+12-LTS-247), built on Jun 27 2025 10:11:42 by "mach5one" with MS VC++ 17.6 (VS2022)

END.
